<?xml version="1.0" encoding="UTF-8"?>
<!-- Generated by org.testng.reporters.JUnitReportReporter -->
<testsuite hostname="DESKTOP-VC5SNKN" failures="0" tests="1" name="testCases.TC_006_EndToEndTest" time="40.870" errors="0" timestamp="2022-08-24T19:47:55 GMT-06:00" skipped="0">
  <testcase classname="testCases.TC_006_EndToEndTest" name="endToendTest" time="40.870"/>
  <system-out/>
</testsuite> <!-- testCases.TC_006_EndToEndTest -->
