<?xml version="1.0" encoding="UTF-8"?>
<!-- Generated by org.testng.reporters.JUnitReportReporter -->
<testsuite hostname="DESKTOP-VC5SNKN" failures="0" tests="1" name="testCases.TC_004_SearchProductTest" time="1.388" errors="0" timestamp="2022-08-24T19:46:23 GMT-06:00" skipped="0">
  <testcase classname="testCases.TC_004_SearchProductTest" name="test_pruductSearch" time="1.388"/>
  <system-out/>
</testsuite> <!-- testCases.TC_004_SearchProductTest -->
