<?xml version="1.0" encoding="UTF-8"?>
<!-- Generated by org.testng.reporters.JUnitReportReporter -->
<testsuite hostname="DESKTOP-VC5SNKN" failures="0" tests="1" name="testCases.TC_005_AddToCartPageTest" time="6.223" errors="0" timestamp="2022-08-24T19:46:23 GMT-06:00" skipped="0">
  <testcase classname="testCases.TC_005_AddToCartPageTest" name="test_addToCart" time="6.223"/>
  <system-out/>
</testsuite> <!-- testCases.TC_005_AddToCartPageTest -->
