<?xml version="1.0" encoding="UTF-8"?>
<!-- Generated by org.testng.reporters.JUnitReportReporter -->
<testsuite hostname="DESKTOP-VC5SNKN" failures="0" tests="1" name="testCases.TC_001_AccountRegistrationTest" time="5.458" errors="0" timestamp="2022-08-24T19:02:43 GMT-06:00" skipped="0">
  <testcase classname="testCases.TC_001_AccountRegistrationTest" name="test_account_registration" time="5.458"/>
  <system-out/>
</testsuite> <!-- testCases.TC_001_AccountRegistrationTest -->
